<?xml version="1.0" encoding="UTF-8"?>
<!-- Generated by org.testng.reporters.JUnitReportReporter -->
<testsuite hostname="SIPL92" failures="0" tests="1" name="CR27SMOKE.CR27ShipURL" time="2285.182" errors="0" timestamp="17 Mar 2022 04:14:07 GMT">
  <testcase classname="CR27SMOKE.CR27ShipURL" name="cr27ShipURL" time="2285.182"/>
</testsuite> <!-- CR27SMOKE.CR27ShipURL -->
