<?xml version="1.0" encoding="UTF-8"?>
<!-- Generated by org.testng.reporters.JUnitReportReporter -->
<testsuite hostname="SIPL92" failures="0" tests="1" name="CR27RATESMOKE.CR27RateURL" time="862.289" errors="0" timestamp="2022-03-03T10:44:32 IST" skipped="0">
  <testcase classname="CR27RATESMOKE.CR27RateURL" name="cr27RateURL" time="862.289"/>
  <system-out/>
</testsuite> <!-- CR27RATESMOKE.CR27RateURL -->
